<?xml version="1.0" encoding="UTF-8"?>
<!-- Generated by org.testng.reporters.JUnitReportReporter -->
<testsuite hostname="FEUJI-V005D" failures="0" tests="5" name="com.restassured.test.APIBookingTesting" time="7.347" errors="0" timestamp="2024-02-23T11:01:07 IST" skipped="0">
  <testcase classname="com.restassured.test.APIBookingTesting" name="getToken" time="1.890"/>
  <system-out/>
  <testcase classname="com.restassured.test.APIBookingTesting" name="createBooking" time="1.606"/>
  <system-out/>
  <testcase classname="com.restassured.test.APIBookingTesting" name="getBooking" time="1.291"/>
  <system-out/>
  <testcase classname="com.restassured.test.APIBookingTesting" name="updateBooking" time="1.274"/>
  <system-out/>
  <testcase classname="com.restassured.test.APIBookingTesting" name="deleteBooking" time="1.286"/>
  <system-out/>
</testsuite> <!-- com.restassured.test.APIBookingTesting -->
