<?xml version="1.0" encoding="UTF-8"?>
<!-- Generated by org.testng.reporters.JUnitReportReporter -->
<testsuite hostname="FEUJI-V005D" failures="0" tests="5" name="com.restassured.test.ReqResAPITesting" time="1.809" errors="0" timestamp="2024-02-23T11:01:07 IST" skipped="0">
  <testcase classname="com.restassured.test.ReqResAPITesting" name="creatingUser" time="0.577"/>
  <system-out/>
  <testcase classname="com.restassured.test.ReqResAPITesting" name="gettingAllUsers" time="0.175"/>
  <system-out/>
  <testcase classname="com.restassured.test.ReqResAPITesting" name="gettingUserByUserId" time="0.154"/>
  <system-out/>
  <testcase classname="com.restassured.test.ReqResAPITesting" name="updateUserByUserId" time="0.441"/>
  <system-out/>
  <testcase classname="com.restassured.test.ReqResAPITesting" name="deleteUserByUserId" time="0.462"/>
  <system-out/>
</testsuite> <!-- com.restassured.test.ReqResAPITesting -->
