<?xml version="1.0" encoding="UTF-8"?>
<!-- Generated by org.testng.reporters.JUnitReportReporter -->
<testsuite hostname="FEUJI-V005D" failures="0" tests="4" name="com.restassured.test.APIUserTesting" time="8.038" errors="0" timestamp="2024-02-23T11:01:07 IST" skipped="0">
  <testcase classname="com.restassured.test.APIUserTesting" name="creatingUser" time="2.619"/>
  <system-out/>
  <testcase classname="com.restassured.test.APIUserTesting" name="gettingUserByUsername" time="1.598"/>
  <system-out/>
  <testcase classname="com.restassured.test.APIUserTesting" name="updateUserByUsername" time="2.580"/>
  <system-out/>
  <testcase classname="com.restassured.test.APIUserTesting" name="deleteUserByUsername" time="1.241"/>
  <system-out/>
</testsuite> <!-- com.restassured.test.APIUserTesting -->
